Using pre-set license
Built from '2020.3/staging' branch; Version is '2020.3.20f1 (41c4e627c95f) revision 4310246'; Using compiler version '192528614'; Build Type 'Release'
OS: 'Windows 10 Home; OS build 19042.1237; Version 2009; 64bit' Language: 'nl' Physical Memory: 16262 MB
BatchMode: 1, IsHumanControllingUs: 0, StartBugReporterOnCrash: 0, Is64bit: 1, IsPro: 0

COMMAND LINE ARGUMENTS:
C:\Program Files\Unity\Hub\Editor\2020.3.20f1\Editor\Unity.exe
-adb2
-batchMode
-noUpm
-name
AssetImportWorker0
-projectPath
D:/SpookyGameJam/SpookyJam/SpookyJam
-logFile
Logs/AssetImportWorker0.log
-srvPort
50014
Successfully changed project path to: D:/SpookyGameJam/SpookyJam/SpookyJam
D:/SpookyGameJam/SpookyJam/SpookyJam
Using Asset Import Pipeline V2.
Refreshing native plugins compatible for Editor in 29.92 ms, found 2 plugins.
Preloading 0 native plugins for Editor in 0.00 ms.
Initialize engine version: 2020.3.20f1 (41c4e627c95f)
[Subsystems] Discovering subsystems at path C:/Program Files/Unity/Hub/Editor/2020.3.20f1/Editor/Data/Resources/UnitySubsystems
[Subsystems] Discovering subsystems at path D:/SpookyGameJam/SpookyJam/SpookyJam/Assets
GfxDevice: creating device client; threaded=0
Direct3D:
    Version:  Direct3D 11.0 [level 11.1]
    Renderer: NVIDIA GeForce RTX 2060 (ID=0x1f11)
    Vendor:   
    VRAM:     5980 MB
    Driver:   27.21.14.6280
Initialize mono
Mono path[0] = 'C:/Program Files/Unity/Hub/Editor/2020.3.20f1/Editor/Data/Managed'
Mono path[1] = 'C:/Program Files/Unity/Hub/Editor/2020.3.20f1/Editor/Data/MonoBleedingEdge/lib/mono/unityjit'
Mono config path = 'C:/Program Files/Unity/Hub/Editor/2020.3.20f1/Editor/Data/MonoBleedingEdge/etc'
Using monoOptions --debugger-agent=transport=dt_socket,embedding=1,server=y,suspend=n,address=127.0.0.1:56940
Begin MonoManager ReloadAssembly
Registering precompiled unity dll's ...
Register platform support module: C:/Program Files/Unity/Hub/Editor/2020.3.20f1/Editor/Data/PlaybackEngines/WindowsStandaloneSupport/UnityEditor.WindowsStandalone.Extensions.dll
Registered in 0.001930 seconds.
Native extension for WindowsStandalone target not found
Refreshing native plugins compatible for Editor in 44.00 ms, found 2 plugins.
Preloading 0 native plugins for Editor in 0.00 ms.
Mono: successfully reloaded assembly
- Completed reload, in  1.144 seconds
Domain Reload Profiling:
	ReloadAssembly (1145ms)
		BeginReloadAssembly (52ms)
			ExecutionOrderSort (0ms)
			DisableScriptedObjects (0ms)
			BackupInstance (0ms)
			ReleaseScriptingObjects (0ms)
			CreateAndSetChildDomain (1ms)
		EndReloadAssembly (477ms)
			LoadAssemblies (48ms)
			RebuildTransferFunctionScriptingTraits (0ms)
			SetupTypeCache (178ms)
			ReleaseScriptCaches (0ms)
			RebuildScriptCaches (31ms)
			SetupLoadedEditorAssemblies (198ms)
				LogAssemblyErrors (0ms)
				InitializePlatformSupportModulesInManaged (4ms)
				SetLoadedEditorAssemblies (0ms)
				RefreshPlugins (44ms)
				BeforeProcessingInitializeOnLoad (21ms)
				ProcessInitializeOnLoadAttributes (97ms)
				ProcessInitializeOnLoadMethodAttributes (32ms)
				AfterProcessingInitializeOnLoad (0ms)
				EditorAssembliesLoaded (0ms)
			ExecutionOrderSort2 (0ms)
			AwakeInstancesAfterBackupRestoration (0ms)
Platform modules already initialized, skipping
Registering precompiled user dll's ...
Registered in 0.002753 seconds.
Begin MonoManager ReloadAssembly
Native extension for WindowsStandalone target not found
Refreshing native plugins compatible for Editor in 0.30 ms, found 2 plugins.
Preloading 0 native plugins for Editor in 0.00 ms.
Mono: successfully reloaded assembly
- Completed reload, in  1.031 seconds
Domain Reload Profiling:
	ReloadAssembly (1032ms)
		BeginReloadAssembly (154ms)
			ExecutionOrderSort (0ms)
			DisableScriptedObjects (4ms)
			BackupInstance (0ms)
			ReleaseScriptingObjects (0ms)
			CreateAndSetChildDomain (20ms)
		EndReloadAssembly (808ms)
			LoadAssemblies (89ms)
			RebuildTransferFunctionScriptingTraits (0ms)
			SetupTypeCache (287ms)
			ReleaseScriptCaches (0ms)
			RebuildScriptCaches (44ms)
			SetupLoadedEditorAssemblies (294ms)
				LogAssemblyErrors (0ms)
				InitializePlatformSupportModulesInManaged (7ms)
				SetLoadedEditorAssemblies (1ms)
				RefreshPlugins (0ms)
				BeforeProcessingInitializeOnLoad (74ms)
				ProcessInitializeOnLoadAttributes (201ms)
				ProcessInitializeOnLoadMethodAttributes (4ms)
				AfterProcessingInitializeOnLoad (6ms)
				EditorAssembliesLoaded (0ms)
			ExecutionOrderSort2 (0ms)
			AwakeInstancesAfterBackupRestoration (7ms)
Platform modules already initialized, skipping
========================================================================
Worker process is ready to serve import requests
Launched and connected shader compiler UnityShaderCompiler.exe after 0.04 seconds
Refreshing native plugins compatible for Editor in 0.27 ms, found 2 plugins.
Preloading 0 native plugins for Editor in 0.00 ms.
Unloading 1416 Unused Serialized files (Serialized files now loaded: 0)
System memory in use before: 67.3 MB.
System memory in use after: 67.4 MB.

Unloading 16 unused Assets to reduce memory usage. Loaded Objects now: 1851.
Total: 2.590900 ms (FindLiveObjects: 0.118100 ms CreateObjectMapping: 0.035600 ms MarkObjects: 2.375500 ms  DeleteObjects: 0.060700 ms)

AssetImportParameters requested are different than current active one (requested -> active):
  custom:framework-win-MediaFoundation: 216162199b28c13a410421893ffa2e32 -> 
  custom:video-decoder-ogg-theora: a1e56fd34408186e4bbccfd4996cb3dc -> 
  custom:container-muxer-webm: aa71ff27fc2769a1b78a27578f13a17b -> 
  custom:container-demuxer-webm: 4f35f7cbe854078d1ac9338744f61a02 -> 
  custom:container-demuxer-ogg: 62fdf1f143b41e24485cea50d1cbac27 -> 
  custom:video-encoder-webm-vp8: eb34c28f22e8b96e1ab97ce403110664 -> 
  custom:video-codec-MediaFoundation-h265: 746d11721c4dcdbdad8f713fa42b33f4 -> 
  custom:video-decoder-webm-vp8: 9c59270c3fd7afecdb556c50c9e8de78 -> 
  custom:audio-decoder-ogg-vorbis: bf7c407c2cedff20999df2af8eb42d56 -> 
  custom:audio-encoder-webm-vorbis: bf7c407c2cedff20999df2af8eb42d56 -> 
========================================================================
Received Import Request.
  path: Assets/Materials/MAT_Gnd.mat
  artifactKey: Guid(72506776bcb753a4784e9a9e29d4dd08) Importer(815301076,1909f56bfc062723c751e8b465ee728b)
Start importing Assets/Materials/MAT_Gnd.mat using Guid(72506776bcb753a4784e9a9e29d4dd08) Importer(815301076,1909f56bfc062723c751e8b465ee728b)  -> (artifact id: '8c43e584c78bdd288a8b84f7884a1ca6') in 0.214537 seconds 
  Import took 0.216564 seconds .

========================================================================
Received Import Request.
  Time since last request: 0.000308 seconds.
  path: Assets/Materials/MAT_Pillar.mat
  artifactKey: Guid(41bdbac569a51d84f8e97f49430198b0) Importer(815301076,1909f56bfc062723c751e8b465ee728b)
Start importing Assets/Materials/MAT_Pillar.mat using Guid(41bdbac569a51d84f8e97f49430198b0) Importer(815301076,1909f56bfc062723c751e8b465ee728b)  -> (artifact id: '735d4c4e5bd0fbf8d1bbf80286803da3') in 0.018746 seconds 
  Import took 0.021382 seconds .

========================================================================
Received Import Request.
  Time since last request: 0.000351 seconds.
  path: Assets/Materials/MAT_Wall.mat
  artifactKey: Guid(16f271d1d0542d449835ef3515975c51) Importer(815301076,1909f56bfc062723c751e8b465ee728b)
Start importing Assets/Materials/MAT_Wall.mat using Guid(16f271d1d0542d449835ef3515975c51) Importer(815301076,1909f56bfc062723c751e8b465ee728b)  -> (artifact id: 'e2d2fa462cad281866e04ce1f5356cb4') in 0.033439 seconds 
  Import took 0.036647 seconds .

========================================================================
Received Import Request.
  Time since last request: 75.836061 seconds.
  path: Assets/Prefabs/Pillar.prefab
  artifactKey: Guid(965b23de300bec4409540acdc753b60e) Importer(815301076,1909f56bfc062723c751e8b465ee728b)
Start importing Assets/Prefabs/Pillar.prefab using Guid(965b23de300bec4409540acdc753b60e) Importer(815301076,1909f56bfc062723c751e8b465ee728b)  -> (artifact id: 'f737fddcd3870c3e8735f0323aba35d2') in 0.020742 seconds 
  Import took 0.023267 seconds .

========================================================================
Received Import Request.
  Time since last request: 0.000326 seconds.
  path: Assets/Prefabs/WallShort.prefab
  artifactKey: Guid(743b6ddae069f234a83b20ef98357e5c) Importer(815301076,1909f56bfc062723c751e8b465ee728b)
Start importing Assets/Prefabs/WallShort.prefab using Guid(743b6ddae069f234a83b20ef98357e5c) Importer(815301076,1909f56bfc062723c751e8b465ee728b)  -> (artifact id: '4420867b0ba72b4dc16e18a9b1643ceb') in 0.015424 seconds 
  Import took 0.018388 seconds .

========================================================================
Received Import Request.
  Time since last request: 0.000199 seconds.
  path: Assets/Prefabs/PillarWall.prefab
  artifactKey: Guid(1aed35c37a7a9384abaf8941d133ae1c) Importer(815301076,1909f56bfc062723c751e8b465ee728b)
Start importing Assets/Prefabs/PillarWall.prefab using Guid(1aed35c37a7a9384abaf8941d133ae1c) Importer(815301076,1909f56bfc062723c751e8b465ee728b)  -> (artifact id: '6202b116a3f27dddae7374d3eb22ab0c') in 0.024241 seconds 
  Import took 0.026867 seconds .

========================================================================
Received Import Request.
  Time since last request: 0.000321 seconds.
  path: Assets/Prefabs/TestFloor.prefab
  artifactKey: Guid(38e8f652a37387d4895ec2eb0e5a0f09) Importer(815301076,1909f56bfc062723c751e8b465ee728b)
Start importing Assets/Prefabs/TestFloor.prefab using Guid(38e8f652a37387d4895ec2eb0e5a0f09) Importer(815301076,1909f56bfc062723c751e8b465ee728b)  -> (artifact id: '96aec4f2469b9947f467ef2a40a6bd30') in 0.026913 seconds 
  Import took 0.029395 seconds .

========================================================================
Received Import Request.
  Time since last request: 0.000276 seconds.
  path: Assets/Prefabs/Skully.prefab
  artifactKey: Guid(98c58743b25574f44b296a021b380614) Importer(815301076,1909f56bfc062723c751e8b465ee728b)
Start importing Assets/Prefabs/Skully.prefab using Guid(98c58743b25574f44b296a021b380614) Importer(815301076,1909f56bfc062723c751e8b465ee728b)  -> (artifact id: '9b3ead473eabe519939f7106b46b3fa1') in 0.011147 seconds 
  Import took 0.013539 seconds .

========================================================================
Received Import Request.
  Time since last request: 0.000266 seconds.
  path: Assets/Prefabs/Wall.prefab
  artifactKey: Guid(fa9cbd6b469d3a441bb4598f658ee0f8) Importer(815301076,1909f56bfc062723c751e8b465ee728b)
Start importing Assets/Prefabs/Wall.prefab using Guid(fa9cbd6b469d3a441bb4598f658ee0f8) Importer(815301076,1909f56bfc062723c751e8b465ee728b)  -> (artifact id: 'ec9d9cfa04d2616e973579f7050af444') in 0.020002 seconds 
  Import took 0.022335 seconds .

========================================================================
Received Import Request.
  Time since last request: 6.267553 seconds.
  path: Assets/Models/Pillar.obj
  artifactKey: Guid(58fb94adac719c742804ea7fe96a8fba) Importer(815301076,1909f56bfc062723c751e8b465ee728b)
Start importing Assets/Models/Pillar.obj using Guid(58fb94adac719c742804ea7fe96a8fba) Importer(815301076,1909f56bfc062723c751e8b465ee728b)  -> (artifact id: '99c8d536ff12af3bf5ed800daf71ee71') in 0.038369 seconds 
  Import took 0.040693 seconds .

========================================================================
Received Import Request.
  Time since last request: 0.000273 seconds.
  path: Assets/Models/WallShort.obj
  artifactKey: Guid(acf9ec70a0eae3f45be7c2ac6e05f55d) Importer(815301076,1909f56bfc062723c751e8b465ee728b)
Start importing Assets/Models/WallShort.obj using Guid(acf9ec70a0eae3f45be7c2ac6e05f55d) Importer(815301076,1909f56bfc062723c751e8b465ee728b)  -> (artifact id: '4dbaed91acd6371660d74be48578eeee') in 0.034065 seconds 
  Import took 0.036143 seconds .

========================================================================
Received Import Request.
  Time since last request: 0.000245 seconds.
  path: Assets/Models/Wall.obj
  artifactKey: Guid(2fb0dff80e30a4645a7eebcc3ad313a9) Importer(815301076,1909f56bfc062723c751e8b465ee728b)
Start importing Assets/Models/Wall.obj using Guid(2fb0dff80e30a4645a7eebcc3ad313a9) Importer(815301076,1909f56bfc062723c751e8b465ee728b)  -> (artifact id: '35ab8d39ff8410dcbe2d95c4343e64f9') in 0.035761 seconds 
  Import took 0.037832 seconds .

========================================================================
Received Import Request.
  Time since last request: 21.091664 seconds.
  path: Assets/TextMesh Pro/Fonts/LiberationSans.ttf
  artifactKey: Guid(e3265ab4bf004d28a9537516768c1c75) Importer(815301076,1909f56bfc062723c751e8b465ee728b)
Start importing Assets/TextMesh Pro/Fonts/LiberationSans.ttf using Guid(e3265ab4bf004d28a9537516768c1c75) Importer(815301076,1909f56bfc062723c751e8b465ee728b)  -> (artifact id: 'cec1587b7129bde4b287cc77833a66ca') in 0.048592 seconds 
  Import took 0.051810 seconds .

========================================================================
Received Import Request.
  Time since last request: 0.000266 seconds.
  path: Assets/TextMesh Pro/Resources/Fonts & Materials/LiberationSans SDF - Outline.mat
  artifactKey: Guid(79459efec17a4d00a321bdcc27bbc385) Importer(815301076,1909f56bfc062723c751e8b465ee728b)
Start importing Assets/TextMesh Pro/Resources/Fonts & Materials/LiberationSans SDF - Outline.mat using Guid(79459efec17a4d00a321bdcc27bbc385) Importer(815301076,1909f56bfc062723c751e8b465ee728b)  -> (artifact id: '73bfc51c5222557aa47c55c3d1b82acd') in 0.081828 seconds 
  Import took 0.084108 seconds .

========================================================================
Received Import Request.
  Time since last request: 0.000249 seconds.
  path: Assets/TextMesh Pro/Resources/Fonts & Materials/LiberationSans SDF - Fallback.asset
  artifactKey: Guid(2e498d1c8094910479dc3e1b768306a4) Importer(815301076,1909f56bfc062723c751e8b465ee728b)
Start importing Assets/TextMesh Pro/Resources/Fonts & Materials/LiberationSans SDF - Fallback.asset using Guid(2e498d1c8094910479dc3e1b768306a4) Importer(815301076,1909f56bfc062723c751e8b465ee728b)  -> (artifact id: '73c4f4f2da4d2ab57d901e0f40ae3f2f') in 0.042973 seconds 
  Import took 0.045349 seconds .

========================================================================
Received Import Request.
  Time since last request: 0.000271 seconds.
  path: Assets/TextMesh Pro/Resources/Fonts & Materials/LiberationSans SDF - Drop Shadow.mat
  artifactKey: Guid(e73a58f6e2794ae7b1b7e50b7fb811b0) Importer(815301076,1909f56bfc062723c751e8b465ee728b)
Start importing Assets/TextMesh Pro/Resources/Fonts & Materials/LiberationSans SDF - Drop Shadow.mat using Guid(e73a58f6e2794ae7b1b7e50b7fb811b0) Importer(815301076,1909f56bfc062723c751e8b465ee728b)  -> (artifact id: '482a362b8fe5ce36b302051eaf90a735') in 0.079436 seconds 
  Import took 0.081983 seconds .

========================================================================
Received Import Request.
  Time since last request: 0.000247 seconds.
  path: Assets/TextMesh Pro/Resources/Fonts & Materials/LiberationSans SDF.asset
  artifactKey: Guid(8f586378b4e144a9851e7b34d9b748ee) Importer(815301076,1909f56bfc062723c751e8b465ee728b)
Start importing Assets/TextMesh Pro/Resources/Fonts & Materials/LiberationSans SDF.asset using Guid(8f586378b4e144a9851e7b34d9b748ee) Importer(815301076,1909f56bfc062723c751e8b465ee728b)  -> (artifact id: 'f8b7c8c3e3c9a45adbdca63c88707d17') in 0.038914 seconds 
  Import took 0.041129 seconds .

========================================================================
Received Import Request.
  Time since last request: 18.971472 seconds.
  path: Assets/Scenes/RufusWorkspace.unity
  artifactKey: Guid(68ca3a398448dd44db330ff96f99c454) Importer(815301076,1909f56bfc062723c751e8b465ee728b)
Start importing Assets/Scenes/RufusWorkspace.unity using Guid(68ca3a398448dd44db330ff96f99c454) Importer(815301076,1909f56bfc062723c751e8b465ee728b)  -> (artifact id: '4305f12e1b79fd364dc467123f5fd4eb') in 0.007298 seconds 
  Import took 0.009931 seconds .

========================================================================
Received Import Request.
  Time since last request: 42.915995 seconds.
  path: Assets/Scenes/LiamWorkspace.unity
  artifactKey: Guid(bb3228716c4b9b0428ca0da5a446c25f) Importer(815301076,1909f56bfc062723c751e8b465ee728b)
Start importing Assets/Scenes/LiamWorkspace.unity using Guid(bb3228716c4b9b0428ca0da5a446c25f) Importer(815301076,1909f56bfc062723c751e8b465ee728b)  -> (artifact id: '3991b88859f137cbda1aca76268020cf') in 0.006566 seconds 
  Import took 0.009672 seconds .

========================================================================
Received Prepare
Registering precompiled user dll's ...
Registered in 0.003266 seconds.
Begin MonoManager ReloadAssembly
Native extension for WindowsStandalone target not found
Refreshing native plugins compatible for Editor in 0.28 ms, found 2 plugins.
Preloading 0 native plugins for Editor in 0.00 ms.
Mono: successfully reloaded assembly
- Completed reload, in  0.960 seconds
Domain Reload Profiling:
	ReloadAssembly (960ms)
		BeginReloadAssembly (101ms)
			ExecutionOrderSort (0ms)
			DisableScriptedObjects (4ms)
			BackupInstance (0ms)
			ReleaseScriptingObjects (0ms)
			CreateAndSetChildDomain (32ms)
		EndReloadAssembly (792ms)
			LoadAssemblies (83ms)
			RebuildTransferFunctionScriptingTraits (0ms)
			SetupTypeCache (283ms)
			ReleaseScriptCaches (1ms)
			RebuildScriptCaches (42ms)
			SetupLoadedEditorAssemblies (266ms)
				LogAssemblyErrors (0ms)
				InitializePlatformSupportModulesInManaged (5ms)
				SetLoadedEditorAssemblies (0ms)
				RefreshPlugins (0ms)
				BeforeProcessingInitializeOnLoad (65ms)
				ProcessInitializeOnLoadAttributes (184ms)
				ProcessInitializeOnLoadMethodAttributes (4ms)
				AfterProcessingInitializeOnLoad (7ms)
				EditorAssembliesLoaded (0ms)
			ExecutionOrderSort2 (0ms)
			AwakeInstancesAfterBackupRestoration (7ms)
Platform modules already initialized, skipping
Refreshing native plugins compatible for Editor in 0.29 ms, found 2 plugins.
Preloading 0 native plugins for Editor in 0.00 ms.
Unloading 1397 Unused Serialized files (Serialized files now loaded: 0)
System memory in use before: 69.5 MB.
System memory in use after: 69.6 MB.

Unloading 11 unused Assets to reduce memory usage. Loaded Objects now: 1901.
Total: 3.286400 ms (FindLiveObjects: 0.163100 ms CreateObjectMapping: 0.053000 ms MarkObjects: 3.051200 ms  DeleteObjects: 0.017800 ms)

AssetImportParameters requested are different than current active one (requested -> active):
  custom:framework-win-MediaFoundation: 216162199b28c13a410421893ffa2e32 -> 
  custom:video-decoder-ogg-theora: a1e56fd34408186e4bbccfd4996cb3dc -> 
  custom:container-muxer-webm: aa71ff27fc2769a1b78a27578f13a17b -> 
  custom:container-demuxer-webm: 4f35f7cbe854078d1ac9338744f61a02 -> 
  custom:container-demuxer-ogg: 62fdf1f143b41e24485cea50d1cbac27 -> 
  custom:video-encoder-webm-vp8: eb34c28f22e8b96e1ab97ce403110664 -> 
  custom:video-codec-MediaFoundation-h265: 746d11721c4dcdbdad8f713fa42b33f4 -> 
  custom:video-decoder-webm-vp8: 9c59270c3fd7afecdb556c50c9e8de78 -> 
  custom:audio-decoder-ogg-vorbis: bf7c407c2cedff20999df2af8eb42d56 -> 
  custom:audio-encoder-webm-vorbis: bf7c407c2cedff20999df2af8eb42d56 -> 
========================================================================
Received Import Request.
  Time since last request: 45.038215 seconds.
  path: Assets/Models/Pillar.obj
  artifactKey: Guid(58fb94adac719c742804ea7fe96a8fba) Importer(815301076,1909f56bfc062723c751e8b465ee728b)
Start importing Assets/Models/Pillar.obj using Guid(58fb94adac719c742804ea7fe96a8fba) Importer(815301076,1909f56bfc062723c751e8b465ee728b)  -> (artifact id: '6a50c35575e6da71a3b77ea5b28b5bb7') in 0.083859 seconds 
  Import took 0.086620 seconds .

========================================================================
Received Import Request.
  Time since last request: 5.329553 seconds.
  path: Assets/Models/Pillar.obj
  artifactKey: Guid(58fb94adac719c742804ea7fe96a8fba) Importer(815301076,1909f56bfc062723c751e8b465ee728b)
Start importing Assets/Models/Pillar.obj using Guid(58fb94adac719c742804ea7fe96a8fba) Importer(815301076,1909f56bfc062723c751e8b465ee728b)  -> (artifact id: 'cb760debc6833ab1813f65d2cee209d7') in 0.040895 seconds 
  Import took 0.043695 seconds .

========================================================================
Received Import Request.
  Time since last request: 11.001061 seconds.
  path: Assets/Models/Wall.obj
  artifactKey: Guid(2fb0dff80e30a4645a7eebcc3ad313a9) Importer(815301076,1909f56bfc062723c751e8b465ee728b)
Start importing Assets/Models/Wall.obj using Guid(2fb0dff80e30a4645a7eebcc3ad313a9) Importer(815301076,1909f56bfc062723c751e8b465ee728b)  -> (artifact id: 'b82fed32b4030e9307352c4db9c84aed') in 0.041521 seconds 
  Import took 0.044675 seconds .

========================================================================
Received Import Request.
  Time since last request: 9.235175 seconds.
  path: Assets/Models/Wall.obj
  artifactKey: Guid(2fb0dff80e30a4645a7eebcc3ad313a9) Importer(815301076,1909f56bfc062723c751e8b465ee728b)
Start importing Assets/Models/Wall.obj using Guid(2fb0dff80e30a4645a7eebcc3ad313a9) Importer(815301076,1909f56bfc062723c751e8b465ee728b)  -> (artifact id: '7e6e574c0c9f1a381f4bcb1fe471d612') in 0.039455 seconds 
  Import took 0.041754 seconds .

========================================================================
Received Import Request.
  Time since last request: 11.958682 seconds.
  path: Assets/Models/WallShort.obj
  artifactKey: Guid(acf9ec70a0eae3f45be7c2ac6e05f55d) Importer(815301076,1909f56bfc062723c751e8b465ee728b)
Start importing Assets/Models/WallShort.obj using Guid(acf9ec70a0eae3f45be7c2ac6e05f55d) Importer(815301076,1909f56bfc062723c751e8b465ee728b)  -> (artifact id: 'c57f27ba4ed4737822641591909946fa') in 0.040563 seconds 
  Import took 0.043130 seconds .

========================================================================
Received Prepare
Registering precompiled user dll's ...
Registered in 0.002943 seconds.
Begin MonoManager ReloadAssembly
Native extension for WindowsStandalone target not found
Refreshing native plugins compatible for Editor in 0.28 ms, found 2 plugins.
Preloading 0 native plugins for Editor in 0.00 ms.
Mono: successfully reloaded assembly
- Completed reload, in  1.147 seconds
Domain Reload Profiling:
	ReloadAssembly (1147ms)
		BeginReloadAssembly (102ms)
			ExecutionOrderSort (0ms)
			DisableScriptedObjects (3ms)
			BackupInstance (0ms)
			ReleaseScriptingObjects (0ms)
			CreateAndSetChildDomain (33ms)
		EndReloadAssembly (978ms)
			LoadAssemblies (87ms)
			RebuildTransferFunctionScriptingTraits (0ms)
			SetupTypeCache (331ms)
			ReleaseScriptCaches (1ms)
			RebuildScriptCaches (53ms)
			SetupLoadedEditorAssemblies (369ms)
				LogAssemblyErrors (0ms)
				InitializePlatformSupportModulesInManaged (7ms)
				SetLoadedEditorAssemblies (1ms)
				RefreshPlugins (0ms)
				BeforeProcessingInitializeOnLoad (91ms)
				ProcessInitializeOnLoadAttributes (255ms)
				ProcessInitializeOnLoadMethodAttributes (6ms)
				AfterProcessingInitializeOnLoad (9ms)
				EditorAssembliesLoaded (0ms)
			ExecutionOrderSort2 (0ms)
			AwakeInstancesAfterBackupRestoration (9ms)
Platform modules already initialized, skipping
Refreshing native plugins compatible for Editor in 0.67 ms, found 2 plugins.
Preloading 0 native plugins for Editor in 0.00 ms.
Unloading 1397 Unused Serialized files (Serialized files now loaded: 0)
System memory in use before: 69.5 MB.
System memory in use after: 69.6 MB.

Unloading 11 unused Assets to reduce memory usage. Loaded Objects now: 1904.
Total: 2.989900 ms (FindLiveObjects: 0.175900 ms CreateObjectMapping: 0.146700 ms MarkObjects: 2.649000 ms  DeleteObjects: 0.016800 ms)

AssetImportParameters requested are different than current active one (requested -> active):
  custom:framework-win-MediaFoundation: 216162199b28c13a410421893ffa2e32 -> 
  custom:video-decoder-ogg-theora: a1e56fd34408186e4bbccfd4996cb3dc -> 
  custom:container-muxer-webm: aa71ff27fc2769a1b78a27578f13a17b -> 
  custom:container-demuxer-webm: 4f35f7cbe854078d1ac9338744f61a02 -> 
  custom:container-demuxer-ogg: 62fdf1f143b41e24485cea50d1cbac27 -> 
  custom:video-encoder-webm-vp8: eb34c28f22e8b96e1ab97ce403110664 -> 
  custom:video-codec-MediaFoundation-h265: 746d11721c4dcdbdad8f713fa42b33f4 -> 
  custom:video-decoder-webm-vp8: 9c59270c3fd7afecdb556c50c9e8de78 -> 
  custom:audio-decoder-ogg-vorbis: bf7c407c2cedff20999df2af8eb42d56 -> 
  custom:audio-encoder-webm-vorbis: bf7c407c2cedff20999df2af8eb42d56 -> 
========================================================================
Received Import Request.
  Time since last request: 17.192509 seconds.
  path: Assets/Models/WallShort.obj
  artifactKey: Guid(acf9ec70a0eae3f45be7c2ac6e05f55d) Importer(815301076,1909f56bfc062723c751e8b465ee728b)
Start importing Assets/Models/WallShort.obj using Guid(acf9ec70a0eae3f45be7c2ac6e05f55d) Importer(815301076,1909f56bfc062723c751e8b465ee728b)  -> (artifact id: '3d1e8e11d48215d53438fac0dc802fcd') in 0.098656 seconds 
  Import took 0.101805 seconds .

========================================================================
Received Prepare
Registering precompiled user dll's ...
Registered in 0.002652 seconds.
Begin MonoManager ReloadAssembly
Native extension for WindowsStandalone target not found
Refreshing native plugins compatible for Editor in 0.51 ms, found 2 plugins.
Preloading 0 native plugins for Editor in 0.00 ms.
Mono: successfully reloaded assembly
- Completed reload, in  1.101 seconds
Domain Reload Profiling:
	ReloadAssembly (1101ms)
		BeginReloadAssembly (111ms)
			ExecutionOrderSort (0ms)
			DisableScriptedObjects (4ms)
			BackupInstance (0ms)
			ReleaseScriptingObjects (0ms)
			CreateAndSetChildDomain (35ms)
		EndReloadAssembly (924ms)
			LoadAssemblies (94ms)
			RebuildTransferFunctionScriptingTraits (0ms)
			SetupTypeCache (316ms)
			ReleaseScriptCaches (1ms)
			RebuildScriptCaches (53ms)
			SetupLoadedEditorAssemblies (337ms)
				LogAssemblyErrors (0ms)
				InitializePlatformSupportModulesInManaged (7ms)
				SetLoadedEditorAssemblies (1ms)
				RefreshPlugins (1ms)
				BeforeProcessingInitializeOnLoad (84ms)
				ProcessInitializeOnLoadAttributes (230ms)
				ProcessInitializeOnLoadMethodAttributes (5ms)
				AfterProcessingInitializeOnLoad (9ms)
				EditorAssembliesLoaded (0ms)
			ExecutionOrderSort2 (0ms)
			AwakeInstancesAfterBackupRestoration (8ms)
Platform modules already initialized, skipping
Refreshing native plugins compatible for Editor in 0.48 ms, found 2 plugins.
Preloading 0 native plugins for Editor in 0.00 ms.
Unloading 1397 Unused Serialized files (Serialized files now loaded: 0)
System memory in use before: 69.5 MB.
System memory in use after: 69.6 MB.

Unloading 11 unused Assets to reduce memory usage. Loaded Objects now: 1907.
Total: 2.727100 ms (FindLiveObjects: 0.141000 ms CreateObjectMapping: 0.047600 ms MarkObjects: 2.520500 ms  DeleteObjects: 0.016700 ms)

AssetImportParameters requested are different than current active one (requested -> active):
  custom:framework-win-MediaFoundation: 216162199b28c13a410421893ffa2e32 -> 
  custom:video-decoder-ogg-theora: a1e56fd34408186e4bbccfd4996cb3dc -> 
  custom:container-muxer-webm: aa71ff27fc2769a1b78a27578f13a17b -> 
  custom:container-demuxer-webm: 4f35f7cbe854078d1ac9338744f61a02 -> 
  custom:container-demuxer-ogg: 62fdf1f143b41e24485cea50d1cbac27 -> 
  custom:video-encoder-webm-vp8: eb34c28f22e8b96e1ab97ce403110664 -> 
  custom:video-codec-MediaFoundation-h265: 746d11721c4dcdbdad8f713fa42b33f4 -> 
  custom:video-decoder-webm-vp8: 9c59270c3fd7afecdb556c50c9e8de78 -> 
  custom:audio-decoder-ogg-vorbis: bf7c407c2cedff20999df2af8eb42d56 -> 
  custom:audio-encoder-webm-vorbis: bf7c407c2cedff20999df2af8eb42d56 -> 
========================================================================
Received Import Request.
  Time since last request: 108.344590 seconds.
  path: Assets/Materials/MAT_Gnd.mat
  artifactKey: Guid(72506776bcb753a4784e9a9e29d4dd08) Importer(815301076,1909f56bfc062723c751e8b465ee728b)
Start importing Assets/Materials/MAT_Gnd.mat using Guid(72506776bcb753a4784e9a9e29d4dd08) Importer(815301076,1909f56bfc062723c751e8b465ee728b)  -> (artifact id: '82651beb608020711a12d465d75cb0e7') in 0.064754 seconds 
  Import took 0.067952 seconds .

